<?xml version="1.0" encoding="UTF-8"?>
<!-- Generated by org.testng.reporters.JUnitReportReporter -->
<testsuite hostname="UMESH" failures="0" tests="1" name="pages.test.TC_001_HondaTest" time="5.444" errors="0" timestamp="2024-01-06T14:55:32 IST" skipped="0">
  <testcase classname="pages.test.TC_001_HondaTest" name="TC_001_Honda_Test" time="5.444"/>
  <system-out/>
</testsuite> <!-- pages.test.TC_001_HondaTest -->
