<?xml version="1.0" encoding="UTF-8"?>
<!-- Generated by org.testng.reporters.JUnitReportReporter -->
<testsuite hostname="UMESH" failures="0" tests="1" name="pages.test.PageTest2" time="8.820" errors="0" timestamp="2024-01-05T22:46:30 IST" skipped="0">
  <testcase classname="pages.test.PageTest2" name="test1" time="8.820"/>
  <system-out>
    <![CDATA[adding logs to test1]]>
  </system-out>
</testsuite> <!-- pages.test.PageTest2 -->
