<?xml version="1.0" encoding="UTF-8"?>
<!-- Generated by org.testng.reporters.JUnitReportReporter -->
<testsuite hostname="UMESH" failures="0" tests="1" name="pages.test.TC_001_HondaTest" time="7.316" errors="0" timestamp="2024-01-17T20:14:59 IST" skipped="0">
  <testcase classname="pages.test.TC_001_HondaTest" name="TC_001_Honda_Test" time="7.316"/>
  <system-out>
    <![CDATA[Entering 'Honda' text in textfox
Selecting first option from suggestion list
Validating test result]]>
  </system-out>
</testsuite> <!-- pages.test.TC_001_HondaTest -->
