<?xml version="1.0" encoding="UTF-8"?>
<!-- Generated by org.testng.reporters.JUnitReportReporter -->
<testsuite hostname="UMESH" failures="0" tests="1" name="pages.test.TC_002_ActivaTest" time="11.286" errors="0" timestamp="2024-01-20T14:52:13 IST" skipped="1">
  <testcase classname="pages.test.TC_002_ActivaTest" name="TC_001_Activa_Test" time="11.286">
    <skipped/>
  </testcase> <!-- TC_001_Activa_Test -->
  <system-out>
    <![CDATA[Entering 'Activa' text in textfox
Selecting first option from suggestion list
Skipping test intentially]]>
  </system-out>
</testsuite> <!-- pages.test.TC_002_ActivaTest -->
