<?xml version="1.0" encoding="UTF-8"?>
<!-- Generated by org.testng.reporters.JUnitReportReporter -->
<testsuite hostname="UMESH" failures="0" tests="8" name="pages.test.PageTest3" time="45.617" errors="0" timestamp="2024-01-02T13:35:50 IST" skipped="0">
  <testcase classname="pages.test.PageTest3" name="test5" time="6.944"/>
  <system-out/>
  <testcase classname="pages.test.PageTest3" name="test3" time="3.922"/>
  <system-out/>
  <testcase classname="pages.test.PageTest3" name="test8" time="7.290"/>
  <system-out/>
  <testcase classname="pages.test.PageTest3" name="test2" time="5.178"/>
  <system-out/>
  <testcase classname="pages.test.PageTest3" name="test4" time="4.822"/>
  <system-out/>
  <testcase classname="pages.test.PageTest3" name="test6" time="6.983"/>
  <system-out/>
  <testcase classname="pages.test.PageTest3" name="test7" time="4.421"/>
  <system-out/>
  <testcase classname="pages.test.PageTest3" name="test1" time="6.057"/>
  <system-out/>
</testsuite> <!-- pages.test.PageTest3 -->
