<?xml version="1.0" encoding="UTF-8"?>
<!-- Generated by org.testng.reporters.JUnitReportReporter -->
<testsuite hostname="UMESH" failures="0" tests="3" name="pages.test.PageTest2" time="32.762" errors="0" timestamp="2024-01-02T13:35:50 IST" skipped="0">
  <testcase classname="pages.test.PageTest2" name="test1" time="9.942"/>
  <system-out/>
  <testcase classname="pages.test.PageTest2" name="test3" time="8.531"/>
  <system-out/>
  <testcase classname="pages.test.PageTest2" name="test4" time="14.289"/>
  <system-out/>
</testsuite> <!-- pages.test.PageTest2 -->
