<?xml version="1.0" encoding="UTF-8"?>
<!-- Generated by org.testng.reporters.JUnitReportReporter -->
<testsuite hostname="UMESH" failures="0" tests="1" name="pages.test.TC_004_SuzukiTest" time="5.619" errors="0" timestamp="2024-01-17T19:35:35 IST" skipped="0">
  <testcase classname="pages.test.TC_004_SuzukiTest" name="TC_001_Suzuki_Test" time="5.619"/>
  <system-out>
    <![CDATA[Entering 'Suzuki Access 125' text in textfox
Selecting first option from suggestion list
Validating test result]]>
  </system-out>
</testsuite> <!-- pages.test.TC_004_SuzukiTest -->
